\BOOKMARK [0][-]{chapter.1}{\376\377\000O\000v\000e\000r\000v\000i\000e\000w}{}% 1
\BOOKMARK [1][-]{section.1.1}{\376\377\000F\000u\000l\000l\000-\000S\000t\000a\000c\000k\000\040\000F\000r\000a\000m\000e\000w\000o\000r\000k}{chapter.1}% 2
\BOOKMARK [1][-]{section.1.2}{\376\377\000A\000r\000c\000h\000i\000t\000e\000c\000t\000u\000r\000e}{chapter.1}% 3
\BOOKMARK [1][-]{section.1.3}{\376\377\000M\000u\000l\000t\000i\000s\000c\000a\000l\000e\000\040\000S\000o\000f\000t\000w\000a\000r\000e\000\040\000D\000e\000s\000i\000g\000n}{chapter.1}% 4
\BOOKMARK [1][-]{section.1.4}{\376\377\000D\000a\000t\000a\000\040\000F\000l\000o\000w}{chapter.1}% 5
\BOOKMARK [1][-]{section.1.5}{\376\377\000O\000u\000t\000p\000u\000t\000\040\000a\000n\000d\000\040\000D\000a\000t\000a\000\040\000H\000a\000n\000d\000l\000i\000n\000g}{chapter.1}% 6
\BOOKMARK [0][-]{chapter.2}{\376\377\000I\000n\000s\000t\000a\000l\000l\000a\000t\000i\000o\000n\000\040\000G\000u\000i\000d\000e}{}% 7
\BOOKMARK [1][-]{section.2.1}{\376\377\000F\000r\000o\000n\000t\000-\000e\000n\000d\000\040\000S\000e\000t\000u\000p}{chapter.2}% 8
\BOOKMARK [1][-]{section.2.2}{\376\377\000B\000a\000c\000k\000-\000e\000n\000d\000\040\000S\000e\000t\000u\000p}{chapter.2}% 9
\BOOKMARK [0][-]{chapter.3}{\376\377\000c\000o\000a\000l\000D\000a\000t\000a\000\040\000m\000o\000d\000u\000l\000e}{}% 10
\BOOKMARK [0][-]{chapter.4}{\376\377\000c\000o\000a\000l\000\137\000q\000u\000a\000l\000i\000t\000y\000\137\000m\000o\000d\000e\000l\000\137\000A\000I\000\040\000m\000o\000d\000u\000l\000e}{}% 11
\BOOKMARK [0][-]{chapter.5}{\376\377\000D\000a\000t\000a\000P\000r\000o\000c\000e\000s\000s\000\040\000M\000o\000d\000u\000l\000e}{}% 12
\BOOKMARK [0][-]{chapter.6}{\376\377\000E\000x\000a\000m\000p\000l\000e\000\040\000m\000o\000d\000u\000l\000e}{}% 13
\BOOKMARK [0][-]{chapter.7}{\376\377\000g\000e\000n\000e\000t\000i\000c\000\137\000a\000l\000g\000o\000r\000i\000t\000h\000m\000\137\000g\000e\000a\000t\000p\000y\0001\000\040\000m\000o\000d\000u\000l\000e}{}% 14
\BOOKMARK [1][-]{section.7.1}{\376\377\123\302\145\160\377\032}{chapter.7}% 15
\BOOKMARK [1][-]{section.7.2}{\376\377\146\364\145\260\377\032}{chapter.7}% 16
\BOOKMARK [0][-]{chapter.8}{\376\377\000g\000e\000n\000e\000t\000i\000c\000\137\000a\000l\000g\000o\000r\000i\000t\000h\000m\000\137\000g\000e\000a\000t\000p\000y\0002\000\040\000m\000o\000d\000u\000l\000e}{}% 17
\BOOKMARK [0][-]{chapter.9}{\376\377\000l\000o\000g\000i\000n\000\040\000m\000o\000d\000u\000l\000e}{}% 18
\BOOKMARK [0][-]{chapter.10}{\376\377\000M\000o\000d\000e\000l\000P\000r\000e\000d\000i\000c\000t\000\040\000m\000o\000d\000u\000l\000e}{}% 19
\BOOKMARK [0][-]{chapter.11}{\376\377\000t\000y\000p\000e\000C\000l\000a\000s\000s\000f\000i\000c\000a\000t\000i\000o\000n\000\040\000m\000o\000d\000u\000l\000e}{}% 20
\BOOKMARK [0][-]{section*.213}{\376\377\000P\000y\000t\000h\000o\000n\000\040\000M\000o\000d\000u\000l\000e\000\040\000I\000n\000d\000e\000x}{}% 21
